Построение начато 27.12.2021 9:51:59.
     1>Проект "C:\Users\holst\Documents\Visual Studio 2010\Projects\lab5\lab5\lab5.vcxproj" в узле 2 (целевые объекты build).
     1>InitializeBuildStatus:
         Обращение к "Debug\lab5.unsuccessfulbuild".
       GenerateTargetFrameworkMonikerAttribute:
       Целевой объект "GenerateTargetFrameworkMonikerAttribute" пропускается, так как все выходные файлы актуальны по отношению к входным.
       ClCompile:
         Для всех выходных данных обновления не требуется.
         C:\Program Files (x86)\Microsoft Visual Studio 10.0\VC\bin\CL.exe /c /AI"C:\Program Files (x86)\Reference Assemblies\Microsoft\Framework\.NETFramework\v4.0" /Zi /clr:pure /nologo /W3 /WX- /Od /Oy- /D WIN32 /D _DEBUG /D _UNICODE /D UNICODE /EHa /MDd /GS /fp:precise /Zc:wchar_t /Zc:forScope /Yu"StdAfx.h" /Fp"Debug\lab5.pch" /Fo"Debug\\" /Fd"Debug\vc100.pdb" /TP /FU"C:\Program Files (x86)\Reference Assemblies\Microsoft\Framework\.NETFramework\v4.0\System.Core.dll" /FU"C:\Program Files (x86)\Reference Assemblies\Microsoft\Framework\.NETFramework\v4.0\System.Data.dll" /FU"C:\Program Files (x86)\Reference Assemblies\Microsoft\Framework\.NETFramework\v4.0\System.dll" /FU"C:\Program Files (x86)\Reference Assemblies\Microsoft\Framework\.NETFramework\v4.0\System.Drawing.dll" /FU"C:\Program Files (x86)\Reference Assemblies\Microsoft\Framework\.NETFramework\v4.0\System.Windows.Forms.dll" /FU"C:\Program Files (x86)\Reference Assemblies\Microsoft\Framework\.NETFramework\v4.0\System.Xml.dll" /analyze- /errorReport:prompt lab5.cpp /clr:nostdlib 
         lab5.cpp
     1>c:\users\holst\documents\visual studio 2010\projects\lab5\lab5\Form1.h(287): warning C4244: =: преобразование "wchar_t" в "char", возможна потеря данных
     1>c:\users\holst\documents\visual studio 2010\projects\lab5\lab5\Form1.h(363): warning C4244: аргумент: преобразование "wchar_t" в "char", возможна потеря данных
     1>c:\users\holst\documents\visual studio 2010\projects\lab5\lab5\Form1.h(530): warning C4244: инициализация: преобразование "wchar_t" в "char", возможна потеря данных
         Для всех выходных данных обновления не требуется.
       CoreResGen:
         Отсутствуют ресурсы, устаревшие по отношению к файлам своих источников. Пропуск формирования ресурсов.
       ResourceCompile:
         Для всех выходных данных обновления не требуется.
       Link:
         C:\Program Files (x86)\Microsoft Visual Studio 10.0\VC\bin\link.exe /ERRORREPORT:PROMPT /OUT:"C:\Users\holst\Documents\Visual Studio 2010\Projects\lab5\Debug\lab5.exe" /INCREMENTAL /NOLOGO /ASSEMBLYRESOURCE:Debug\lab5.Form1.resources /MANIFEST /ManifestFile:"Debug\lab5.exe.intermediate.manifest" /MANIFESTUAC:"level='asInvoker' uiAccess='false'" /DEBUG /PDB:"C:\Users\holst\Documents\Visual Studio 2010\Projects\lab5\Debug\lab5.pdb" /ASSEMBLYDEBUG /SUBSYSTEM:WINDOWS /TLBID:1 /ENTRY:"main" /DYNAMICBASE /FIXED:NO /NXCOMPAT /MACHINE:X86 Debug\app.res
         Debug\AssemblyInfo.obj
         Debug\lab5.obj
         Debug\stdafx.obj
         "Debug\.NETFramework,Version=v4.0.AssemblyAttributes.obj"
         lab5.vcxproj -> C:\Users\holst\Documents\Visual Studio 2010\Projects\lab5\Debug\lab5.exe
       Manifest:
         C:\Program Files (x86)\Microsoft SDKs\Windows\v7.0A\bin\mt.exe /nologo /verbose /outputresource:"C:\Users\holst\Documents\Visual Studio 2010\Projects\lab5\Debug\lab5.exe;#1" /manifest Debug\lab5.exe.intermediate.manifest
       FinalizeBuildStatus:
         Файл "Debug\lab5.unsuccessfulbuild" удаляется.
         Обращение к "Debug\lab5.lastbuildstate".
     1>Построение проекта "C:\Users\holst\Documents\Visual Studio 2010\Projects\lab5\lab5\lab5.vcxproj" завершено (целевые объекты build).

Построение успешно завершено.

Затраченное время: 00:00:03.66
